<?xml version="1.0" encoding="UTF-8"?>
<!-- Generated by org.testng.reporters.JUnitXMLReporter -->
<testsuite ignored="4" hostname="DESKTOP-TOR4JB6" failures="0" tests="4" name="Default test" time="8.686" errors="0" timestamp="2026-04-21T18:32:36 EET">
  <testcase classname="myfirsteproject" name="mytest" time="0.255"/>
  <testcase classname="myfirsteproject" name="addallitem" time="0.334"/>
  <testcase classname="myfirsteproject" name="removeallitems" time="0.278"/>
  <testcase classname="myfirsteproject" name="printlastname" time="0.099"/>
  <testcase classname="myfirsteproject" name="logout" time="0.0">
    <ignored/>
  </testcase> <!-- logout -->
  <testcase classname="myfirsteproject" name="logo" time="0.0">
    <ignored/>
  </testcase> <!-- logo -->
  <testcase classname="myfirsteproject" name="removeitem" time="0.0">
    <ignored/>
  </testcase> <!-- removeitem -->
  <testcase classname="myfirsteproject" name="additem" time="0.0">
    <ignored/>
  </testcase> <!-- additem -->
</testsuite> <!-- Default test -->
