<?xml version="1.0" encoding="UTF-8"?>
<testng-results ignored="0" total="3" passed="3" failed="0" skipped="0">
  <reporter-output>
  </reporter-output>
  <suite started-at="2026-04-26T22:18:29 EET" name="Default suite" finished-at="2026-04-26T22:18:42 EET" duration-ms="13351">
    <groups>
    </groups>
    <test started-at="2026-04-26T22:18:29 EET" name="Default test" finished-at="2026-04-26T22:18:42 EET" duration-ms="13351">
      <class name="secondtest">
        <test-method is-config="true" signature="mysetup()[pri:0, instance:secondtest@2002348]" started-at="2026-04-26T22:18:29 EET" name="mysetup" finished-at="2026-04-26T22:18:40 EET" duration-ms="11849" status="PASS">
          <reporter-output>
          </reporter-output>
        </test-method> <!-- mysetup -->
        <test-method signature="autocompleteInputfield()[pri:1, instance:secondtest@2002348]" started-at="2026-04-26T22:18:40 EET" name="autocompleteInputfield" finished-at="2026-04-26T22:18:42 EET" duration-ms="1161" status="PASS">
          <reporter-output>
          </reporter-output>
        </test-method> <!-- autocompleteInputfield -->
        <test-method signature="Dropdown()[pri:2, instance:secondtest@2002348]" started-at="2026-04-26T22:18:42 EET" name="Dropdown" finished-at="2026-04-26T22:18:42 EET" duration-ms="98" status="PASS">
          <reporter-output>
          </reporter-output>
        </test-method> <!-- Dropdown -->
        <test-method signature="checkbox()[pri:3, instance:secondtest@2002348]" started-at="2026-04-26T22:18:42 EET" name="checkbox" finished-at="2026-04-26T22:18:42 EET" duration-ms="202" status="PASS">
          <reporter-output>
          </reporter-output>
        </test-method> <!-- checkbox -->
      </class> <!-- secondtest -->
    </test> <!-- Default test -->
  </suite> <!-- Default suite -->
</testng-results>
