<?xml version="1.0" encoding="UTF-8"?>
<!-- Generated by org.testng.reporters.JUnitReportReporter -->
<testsuite hostname="DESKTOP-TOR4JB6" failures="0" tests="8" name="myfirsteproject" time="0.966" errors="0" timestamp="2026-04-21T18:32:40 EET" skipped="4">
  <testcase classname="myfirsteproject" name="mytest" time="0.255"/>
  <testcase classname="myfirsteproject" name="addallitem" time="0.334"/>
  <testcase classname="myfirsteproject" name="removeallitems" time="0.278"/>
  <testcase classname="myfirsteproject" name="printlastname" time="0.099"/>
  <testcase classname="myfirsteproject" name="logout">
    <skipped/>
  </testcase> <!-- logout -->
  <testcase classname="myfirsteproject" name="logo">
    <skipped/>
  </testcase> <!-- logo -->
  <testcase classname="myfirsteproject" name="removeitem">
    <skipped/>
  </testcase> <!-- removeitem -->
  <testcase classname="myfirsteproject" name="additem">
    <skipped/>
  </testcase> <!-- additem -->
</testsuite> <!-- myfirsteproject -->
